<?xml version="1.0" encoding="UTF-8"?>
<coverage generated="1586562583300" clover="3.2.0">
  <project timestamp="1586562583300" name="All files">
    <metrics statements="23" coveredstatements="20" conditionals="4" coveredconditionals="1" methods="6" coveredmethods="6" elements="33" coveredelements="27" complexity="0" loc="23" ncloc="23" packages="2" files="5" classes="5"/>
    <package name="pages">
      <metrics statements="9" coveredstatements="9" conditionals="0" coveredconditionals="0" methods="4" coveredmethods="4"/>
      <file name="Card.js" path="/home/rulo/PlatziMaster/Retos/front-1/src/pages/Card.js">
        <metrics statements="3" coveredstatements="3" conditionals="0" coveredconditionals="0" methods="1" coveredmethods="1"/>
        <line num="1" count="1" type="stmt"/>
        <line num="2" count="2" type="stmt"/>
        <line num="21" count="2" type="stmt"/>
      </file>
      <file name="Footer.js" path="/home/rulo/PlatziMaster/Retos/front-1/src/pages/Footer.js">
        <metrics statements="6" coveredstatements="6" conditionals="0" coveredconditionals="0" methods="3" coveredmethods="3"/>
        <line num="3" count="1" type="stmt"/>
        <line num="4" count="2" type="stmt"/>
        <line num="5" count="2" type="stmt"/>
        <line num="27" count="4" type="stmt"/>
        <line num="46" count="14" type="stmt"/>
        <line num="59" count="2" type="stmt"/>
      </file>
    </package>
    <package name="utils">
      <metrics statements="14" coveredstatements="11" conditionals="4" coveredconditionals="1" methods="2" coveredmethods="2"/>
      <file name="data.js" path="/home/rulo/PlatziMaster/Retos/front-1/src/utils/data.js">
        <metrics statements="1" coveredstatements="1" conditionals="0" coveredconditionals="0" methods="0" coveredmethods="0"/>
        <line num="1" count="1" type="stmt"/>
      </file>
      <file name="getData.js" path="/home/rulo/PlatziMaster/Retos/front-1/src/utils/getData.js">
        <metrics statements="8" coveredstatements="7" conditionals="0" coveredconditionals="0" methods="1" coveredmethods="1"/>
        <line num="1" count="1" type="stmt"/>
        <line num="2" count="1" type="stmt"/>
        <line num="3" count="1" type="stmt"/>
        <line num="4" count="1" type="stmt"/>
        <line num="5" count="1" type="stmt"/>
        <line num="6" count="1" type="stmt"/>
        <line num="7" count="1" type="stmt"/>
        <line num="9" count="0" type="stmt"/>
      </file>
      <file name="resolveRoutes.js" path="/home/rulo/PlatziMaster/Retos/front-1/src/utils/resolveRoutes.js">
        <metrics statements="5" coveredstatements="3" conditionals="4" coveredconditionals="1" methods="1" coveredmethods="1"/>
        <line num="1" count="1" type="stmt"/>
        <line num="2" count="1" type="cond" truecount="1" falsecount="1"/>
        <line num="3" count="0" type="cond" truecount="0" falsecount="2"/>
        <line num="4" count="0" type="stmt"/>
        <line num="6" count="1" type="stmt"/>
      </file>
    </package>
  </project>
</coverage>
