{"/home/rulo/PlatziMaster/Retos/front-1/src/pages/Card.js": {"path":"/home/rulo/PlatziMaster/Retos/front-1/src/pages/Card.js","statementMap":{"0":{"start":{"line":1,"column":13},"end":{"line":22,"column":1}},"1":{"start":{"line":2,"column":15},"end":{"line":20,"column":3}},"2":{"start":{"line":21,"column":2},"end":{"line":21,"column":14}}},"fnMap":{"0":{"name":"(anonymous_0)","decl":{"start":{"line":1,"column":13},"end":{"line":1,"column":14}},"loc":{"start":{"line":1,"column":44},"end":{"line":22,"column":1}},"line":1}},"branchMap":{},"s":{"0":1,"1":2,"2":2},"f":{"0":2},"b":{},"_coverageSchema":"1a1c01bbd47fc00a2c39e90264f33305004495a9","hash":"6ec0767ebde2f642c5e345e9843731b346544716"}
,"/home/rulo/PlatziMaster/Retos/front-1/src/pages/Footer.js": {"path":"/home/rulo/PlatziMaster/Retos/front-1/src/pages/Footer.js","statementMap":{"0":{"start":{"line":3,"column":15},"end":{"line":60,"column":1}},"1":{"start":{"line":4,"column":2},"end":{"line":4,"column":20}},"2":{"start":{"line":5,"column":15},"end":{"line":58,"column":3}},"3":{"start":{"line":27,"column":28},"end":{"line":34,"column":13}},"4":{"start":{"line":46,"column":29},"end":{"line":50,"column":13}},"5":{"start":{"line":59,"column":2},"end":{"line":59,"column":14}}},"fnMap":{"0":{"name":"(anonymous_0)","decl":{"start":{"line":3,"column":15},"end":{"line":3,"column":16}},"loc":{"start":{"line":3,"column":48},"end":{"line":60,"column":1}},"line":3},"1":{"name":"(anonymous_1)","decl":{"start":{"line":27,"column":16},"end":{"line":27,"column":17}},"loc":{"start":{"line":27,"column":28},"end":{"line":34,"column":13}},"line":27},"2":{"name":"(anonymous_2)","decl":{"start":{"line":46,"column":16},"end":{"line":46,"column":17}},"loc":{"start":{"line":46,"column":29},"end":{"line":50,"column":13}},"line":46}},"branchMap":{},"s":{"0":1,"1":2,"2":2,"3":4,"4":14,"5":2},"f":{"0":2,"1":4,"2":14},"b":{},"_coverageSchema":"1a1c01bbd47fc00a2c39e90264f33305004495a9","hash":"c91ea3b0ed5220de16a41a0ae80bf10ba1eb6387"}
,"/home/rulo/PlatziMaster/Retos/front-1/src/utils/data.js": {"path":"/home/rulo/PlatziMaster/Retos/front-1/src/utils/data.js","statementMap":{"0":{"start":{"line":1,"column":20},"end":{"line":55,"column":1}}},"fnMap":{},"branchMap":{},"s":{"0":1},"f":{},"b":{},"_coverageSchema":"1a1c01bbd47fc00a2c39e90264f33305004495a9","hash":"8a76908c3dc40e1849f00a8632105d7e55bb1515"}
,"/home/rulo/PlatziMaster/Retos/front-1/src/utils/getData.js": {"path":"/home/rulo/PlatziMaster/Retos/front-1/src/utils/getData.js","statementMap":{"0":{"start":{"line":1,"column":14},"end":{"line":1,"column":35}},"1":{"start":{"line":2,"column":16},"end":{"line":11,"column":1}},"2":{"start":{"line":3,"column":14},"end":{"line":3,"column":47}},"3":{"start":{"line":4,"column":2},"end":{"line":10,"column":3}},"4":{"start":{"line":5,"column":21},"end":{"line":5,"column":37}},"5":{"start":{"line":6,"column":17},"end":{"line":6,"column":38}},"6":{"start":{"line":7,"column":4},"end":{"line":7,"column":16}},"7":{"start":{"line":9,"column":4},"end":{"line":9,"column":23}}},"fnMap":{"0":{"name":"(anonymous_0)","decl":{"start":{"line":2,"column":16},"end":{"line":2,"column":17}},"loc":{"start":{"line":2,"column":28},"end":{"line":11,"column":1}},"line":2}},"branchMap":{},"s":{"0":1,"1":1,"2":1,"3":1,"4":1,"5":1,"6":1,"7":0},"f":{"0":1},"b":{},"_coverageSchema":"1a1c01bbd47fc00a2c39e90264f33305004495a9","hash":"ea4cf4a683631125a0de7055aef658b15e3f3836"}
,"/home/rulo/PlatziMaster/Retos/front-1/src/utils/resolveRoutes.js": {"path":"/home/rulo/PlatziMaster/Retos/front-1/src/utils/resolveRoutes.js","statementMap":{"0":{"start":{"line":1,"column":22},"end":{"line":7,"column":1}},"1":{"start":{"line":2,"column":2},"end":{"line":5,"column":3}},"2":{"start":{"line":3,"column":21},"end":{"line":3,"column":51}},"3":{"start":{"line":4,"column":4},"end":{"line":4,"column":22}},"4":{"start":{"line":6,"column":2},"end":{"line":6,"column":21}}},"fnMap":{"0":{"name":"(anonymous_0)","decl":{"start":{"line":1,"column":22},"end":{"line":1,"column":23}},"loc":{"start":{"line":1,"column":33},"end":{"line":7,"column":1}},"line":1}},"branchMap":{"0":{"loc":{"start":{"line":2,"column":2},"end":{"line":5,"column":3}},"type":"if","locations":[{"start":{"line":2,"column":2},"end":{"line":5,"column":3}},{"start":{"line":2,"column":2},"end":{"line":5,"column":3}}],"line":2},"1":{"loc":{"start":{"line":3,"column":21},"end":{"line":3,"column":51}},"type":"cond-expr","locations":[{"start":{"line":3,"column":37},"end":{"line":3,"column":42}},{"start":{"line":3,"column":45},"end":{"line":3,"column":51}}],"line":3}},"s":{"0":1,"1":1,"2":0,"3":0,"4":1},"f":{"0":1},"b":{"0":[0,1],"1":[0,0]},"_coverageSchema":"1a1c01bbd47fc00a2c39e90264f33305004495a9","hash":"9ee0e12603a11bd8e0d38ba9884a44039d614ff3"}
}
