TN:
SF:src/pages/Card.js
FN:1,(anonymous_0)
FNF:1
FNH:1
FNDA:2,(anonymous_0)
DA:1,1
DA:2,2
DA:21,2
LF:3
LH:3
BRF:0
BRH:0
end_of_record
TN:
SF:src/pages/Footer.js
FN:3,(anonymous_0)
FN:27,(anonymous_1)
FN:46,(anonymous_2)
FNF:3
FNH:3
FNDA:2,(anonymous_0)
FNDA:4,(anonymous_1)
FNDA:14,(anonymous_2)
DA:3,1
DA:4,2
DA:5,2
DA:27,4
DA:46,14
DA:59,2
LF:6
LH:6
BRF:0
BRH:0
end_of_record
TN:
SF:src/utils/data.js
FNF:0
FNH:0
DA:1,1
LF:1
LH:1
BRF:0
BRH:0
end_of_record
TN:
SF:src/utils/getData.js
FN:2,(anonymous_0)
FNF:1
FNH:1
FNDA:1,(anonymous_0)
DA:1,1
DA:2,1
DA:3,1
DA:4,1
DA:5,1
DA:6,1
DA:7,1
DA:9,0
LF:8
LH:7
BRF:0
BRH:0
end_of_record
TN:
SF:src/utils/resolveRoutes.js
FN:1,(anonymous_0)
FNF:1
FNH:1
FNDA:1,(anonymous_0)
DA:1,1
DA:2,1
DA:3,0
DA:4,0
DA:6,1
LF:5
LH:3
BRDA:2,0,0,0
BRDA:2,0,1,1
BRDA:3,1,0,0
BRDA:3,1,1,0
BRF:4
BRH:1
end_of_record
